mode: atomic
github.com/hslam/stats/bar.go:6.31,8.2 1 21
github.com/hslam/stats/bar.go:10.44,11.11 1 43
github.com/hslam/stats/bar.go:14.2,14.26 1 41
github.com/hslam/stats/bar.go:17.2,17.8 1 41
github.com/hslam/stats/bar.go:11.11,13.3 1 2
github.com/hslam/stats/bar.go:14.26,16.3 1 2206
github.com/hslam/stats/body.go:14.13,16.27 1 1
github.com/hslam/stats/body.go:16.27,18.4 1 24848
github.com/hslam/stats/client.go:16.124,19.36 3 100
github.com/hslam/stats/client.go:23.2,23.11 1 100
github.com/hslam/stats/client.go:19.36,22.3 2 100
github.com/hslam/stats/client.go:26.98,29.6 3 100
github.com/hslam/stats/client.go:29.6,30.39 1 100100
github.com/hslam/stats/client.go:33.3,40.19 8 100000
github.com/hslam/stats/client.go:30.39,31.9 1 100
github.com/hslam/stats/count.go:15.40,17.2 1 100100
github.com/hslam/stats/count.go:19.30,21.2 1 20
github.com/hslam/stats/stats.go:20.23,22.2 1 1
github.com/hslam/stats/stats.go:25.69,28.2 2 1
github.com/hslam/stats/stats.go:31.72,38.34 7 1
github.com/hslam/stats/stats.go:42.2,43.9 2 1
github.com/hslam/stats/stats.go:55.2,58.9 4 1
github.com/hslam/stats/stats.go:61.2,62.19 2 1
github.com/hslam/stats/stats.go:38.34,41.3 2 100
github.com/hslam/stats/stats.go:43.9,44.13 1 1
github.com/hslam/stats/stats.go:44.13,45.8 1 1
github.com/hslam/stats/stats.go:45.8,46.47 1 21
github.com/hslam/stats/stats.go:49.5,51.39 3 20
github.com/hslam/stats/stats.go:46.47,47.11 1 1
github.com/hslam/stats/stats.go:58.9,60.3 1 1
github.com/hslam/stats/stats.go:116.93,127.2 3 1
github.com/hslam/stats/stats.go:129.37,131.2 1 1
github.com/hslam/stats/stats.go:133.23,135.31 2 1
github.com/hslam/stats/stats.go:151.2,151.18 1 1
github.com/hslam/stats/stats.go:135.31,141.17 6 100000
github.com/hslam/stats/stats.go:146.3,147.24 2 100000
github.com/hslam/stats/stats.go:141.17,143.4 1 90
github.com/hslam/stats/stats.go:143.9,145.4 1 99910
github.com/hslam/stats/stats.go:147.24,148.9 1 1
github.com/hslam/stats/stats.go:154.34,182.28 28 1
github.com/hslam/stats/stats.go:189.2,189.29 1 1
github.com/hslam/stats/stats.go:196.2,196.20 1 1
github.com/hslam/stats/stats.go:182.28,188.3 5 1
github.com/hslam/stats/stats.go:189.29,195.3 5 1
github.com/hslam/stats/stats.go:200.44,223.43 23 1
github.com/hslam/stats/stats.go:229.2,229.44 1 1
github.com/hslam/stats/stats.go:235.2,238.15 4 1
github.com/hslam/stats/stats.go:223.43,228.3 4 1
github.com/hslam/stats/stats.go:229.44,234.3 4 1
